Generated at 2016-07-06 14:57:43 +0530
SystemExit: remote_file[/tmp/elasticsearch2.3.2.tar.gz] (elasticsearch::default line 19) had an error: SystemExit: exit
/opt/chef/embedded/lib/ruby/gems/2.1.0/gems/chef-12.11.18/lib/chef/application.rb:352:in `exit'
/opt/chef/embedded/lib/ruby/gems/2.1.0/gems/chef-12.11.18/lib/chef/application.rb:352:in `fatal!'
/opt/chef/embedded/lib/ruby/gems/2.1.0/gems/chef-12.11.18/lib/chef/application.rb:64:in `block in setup_signal_handlers'
/opt/chef/embedded/lib/ruby/2.1.0/net/protocol.rb:155:in `call'
/opt/chef/embedded/lib/ruby/2.1.0/net/protocol.rb:155:in `select'
/opt/chef/embedded/lib/ruby/2.1.0/net/protocol.rb:155:in `rescue in rbuf_fill'
/opt/chef/embedded/lib/ruby/2.1.0/net/protocol.rb:152:in `rbuf_fill'
/opt/chef/embedded/lib/ruby/2.1.0/net/protocol.rb:104:in `read'
/opt/chef/embedded/lib/ruby/2.1.0/net/http/response.rb:290:in `block in read_body_0'
/opt/chef/embedded/lib/ruby/2.1.0/net/http/response.rb:250:in `inflater'
/opt/chef/embedded/lib/ruby/2.1.0/net/http/response.rb:280:in `read_body_0'
/opt/chef/embedded/lib/ruby/2.1.0/net/http/response.rb:201:in `read_body'
/opt/chef/embedded/lib/ruby/gems/2.1.0/gems/chef-12.11.18/lib/chef/http.rb:435:in `stream_to_tempfile'
/opt/chef/embedded/lib/ruby/gems/2.1.0/gems/chef-12.11.18/lib/chef/http.rb:203:in `block in streaming_request'
/opt/chef/embedded/lib/ruby/gems/2.1.0/gems/chef-12.11.18/lib/chef/http/basic_client.rb:88:in `block in request'
/opt/chef/embedded/lib/ruby/2.1.0/net/http.rb:1423:in `block in transport_request'
/opt/chef/embedded/lib/ruby/2.1.0/net/http/response.rb:162:in `reading_body'
/opt/chef/embedded/lib/ruby/2.1.0/net/http.rb:1422:in `transport_request'
/opt/chef/embedded/lib/ruby/2.1.0/net/http.rb:1384:in `request'
/opt/chef/embedded/lib/ruby/2.1.0/net/http.rb:1377:in `block in request'
/opt/chef/embedded/lib/ruby/2.1.0/net/http.rb:853:in `start'
/opt/chef/embedded/lib/ruby/2.1.0/net/http.rb:1375:in `request'
/opt/chef/embedded/lib/ruby/gems/2.1.0/gems/chef-12.11.18/lib/chef/http/basic_client.rb:65:in `request'
/opt/chef/embedded/lib/ruby/gems/2.1.0/gems/chef-12.11.18/lib/chef/http.rb:303:in `block in send_http_request'
/opt/chef/embedded/lib/ruby/gems/2.1.0/gems/chef-12.11.18/lib/chef/http.rb:336:in `block in retrying_http_errors'
/opt/chef/embedded/lib/ruby/gems/2.1.0/gems/chef-12.11.18/lib/chef/http.rb:334:in `loop'
/opt/chef/embedded/lib/ruby/gems/2.1.0/gems/chef-12.11.18/lib/chef/http.rb:334:in `retrying_http_errors'
/opt/chef/embedded/lib/ruby/gems/2.1.0/gems/chef-12.11.18/lib/chef/http.rb:299:in `send_http_request'
/opt/chef/embedded/lib/ruby/gems/2.1.0/gems/chef-12.11.18/lib/chef/http.rb:201:in `streaming_request'
/opt/chef/embedded/lib/ruby/gems/2.1.0/gems/chef-12.11.18/lib/chef/provider/remote_file/http.rb:69:in `fetch'
/opt/chef/embedded/lib/ruby/gems/2.1.0/gems/chef-12.11.18/lib/chef/provider/remote_file/content.rb:71:in `grab_file_from_uri'
/opt/chef/embedded/lib/ruby/gems/2.1.0/gems/chef-12.11.18/lib/chef/provider/remote_file/content.rb:56:in `try_multiple_sources'
/opt/chef/embedded/lib/ruby/gems/2.1.0/gems/chef-12.11.18/lib/chef/provider/remote_file/content.rb:41:in `file_for_provider'
/opt/chef/embedded/lib/ruby/gems/2.1.0/gems/chef-12.11.18/lib/chef/file_content_management/content_base.rb:40:in `tempfile'
/opt/chef/embedded/lib/ruby/gems/2.1.0/gems/chef-12.11.18/lib/chef/provider/file.rb:462:in `tempfile'
/opt/chef/embedded/lib/ruby/gems/2.1.0/gems/chef-12.11.18/lib/chef/provider/file.rb:339:in `do_generate_content'
/opt/chef/embedded/lib/ruby/gems/2.1.0/gems/chef-12.11.18/lib/chef/provider/file.rb:150:in `action_create'
/opt/chef/embedded/lib/ruby/gems/2.1.0/gems/chef-12.11.18/lib/chef/provider.rb:145:in `run_action'
/opt/chef/embedded/lib/ruby/gems/2.1.0/gems/chef-12.11.18/lib/chef/resource.rb:591:in `run_action'
/opt/chef/embedded/lib/ruby/gems/2.1.0/gems/chef-12.11.18/lib/chef/runner.rb:69:in `run_action'
/opt/chef/embedded/lib/ruby/gems/2.1.0/gems/chef-12.11.18/lib/chef/runner.rb:97:in `block (2 levels) in converge'
/opt/chef/embedded/lib/ruby/gems/2.1.0/gems/chef-12.11.18/lib/chef/runner.rb:97:in `each'
/opt/chef/embedded/lib/ruby/gems/2.1.0/gems/chef-12.11.18/lib/chef/runner.rb:97:in `block in converge'
/opt/chef/embedded/lib/ruby/gems/2.1.0/gems/chef-12.11.18/lib/chef/resource_collection/resource_list.rb:94:in `block in execute_each_resource'
/opt/chef/embedded/lib/ruby/gems/2.1.0/gems/chef-12.11.18/lib/chef/resource_collection/stepable_iterator.rb:116:in `call'
/opt/chef/embedded/lib/ruby/gems/2.1.0/gems/chef-12.11.18/lib/chef/resource_collection/stepable_iterator.rb:116:in `call_iterator_block'
/opt/chef/embedded/lib/ruby/gems/2.1.0/gems/chef-12.11.18/lib/chef/resource_collection/stepable_iterator.rb:85:in `step'
/opt/chef/embedded/lib/ruby/gems/2.1.0/gems/chef-12.11.18/lib/chef/resource_collection/stepable_iterator.rb:104:in `iterate'
/opt/chef/embedded/lib/ruby/gems/2.1.0/gems/chef-12.11.18/lib/chef/resource_collection/stepable_iterator.rb:55:in `each_with_index'
/opt/chef/embedded/lib/ruby/gems/2.1.0/gems/chef-12.11.18/lib/chef/resource_collection/resource_list.rb:92:in `execute_each_resource'
/opt/chef/embedded/lib/ruby/gems/2.1.0/gems/chef-12.11.18/lib/chef/runner.rb:96:in `converge'
/opt/chef/embedded/lib/ruby/gems/2.1.0/gems/chef-12.11.18/lib/chef/client.rb:669:in `block in converge'
/opt/chef/embedded/lib/ruby/gems/2.1.0/gems/chef-12.11.18/lib/chef/client.rb:664:in `catch'
/opt/chef/embedded/lib/ruby/gems/2.1.0/gems/chef-12.11.18/lib/chef/client.rb:664:in `converge'
/opt/chef/embedded/lib/ruby/gems/2.1.0/gems/chef-12.11.18/lib/chef/client.rb:703:in `converge_and_save'
/opt/chef/embedded/lib/ruby/gems/2.1.0/gems/chef-12.11.18/lib/chef/client.rb:283:in `run'
/opt/chef/embedded/lib/ruby/gems/2.1.0/gems/chef-12.11.18/lib/chef/application.rb:286:in `block in fork_chef_client'
/opt/chef/embedded/lib/ruby/gems/2.1.0/gems/chef-12.11.18/lib/chef/application.rb:274:in `fork'
/opt/chef/embedded/lib/ruby/gems/2.1.0/gems/chef-12.11.18/lib/chef/application.rb:274:in `fork_chef_client'
/opt/chef/embedded/lib/ruby/gems/2.1.0/gems/chef-12.11.18/lib/chef/application.rb:239:in `block in run_chef_client'
/opt/chef/embedded/lib/ruby/gems/2.1.0/gems/chef-12.11.18/lib/chef/local_mode.rb:44:in `with_server_connectivity'
/opt/chef/embedded/lib/ruby/gems/2.1.0/gems/chef-12.11.18/lib/chef/application.rb:227:in `run_chef_client'
/opt/chef/embedded/lib/ruby/gems/2.1.0/gems/chef-12.11.18/lib/chef/application/client.rb:456:in `sleep_then_run_chef_client'
/opt/chef/embedded/lib/ruby/gems/2.1.0/gems/chef-12.11.18/lib/chef/application/client.rb:443:in `block in interval_run_chef_client'
/opt/chef/embedded/lib/ruby/gems/2.1.0/gems/chef-12.11.18/lib/chef/application/client.rb:442:in `loop'
/opt/chef/embedded/lib/ruby/gems/2.1.0/gems/chef-12.11.18/lib/chef/application/client.rb:442:in `interval_run_chef_client'
/opt/chef/embedded/lib/ruby/gems/2.1.0/gems/chef-12.11.18/lib/chef/application/client.rb:426:in `run_application'
/opt/chef/embedded/lib/ruby/gems/2.1.0/gems/chef-12.11.18/lib/chef/application.rb:59:in `run'
/opt/chef/embedded/lib/ruby/gems/2.1.0/gems/chef-12.11.18/lib/chef/application/solo.rb:217:in `run'
/opt/chef/embedded/lib/ruby/gems/2.1.0/gems/chef-12.11.18/bin/chef-solo:25:in `<top (required)>'
/usr/bin/chef-solo:52:in `load'
/usr/bin/chef-solo:52:in `<main>'